Compilación iniciada a las 13/05/2016 21:52:22.
     1>Proyecto "C:\dev\PlantillaOpenGL01\PlantillaOpenGL01\PlantillaOpenGL01.vcxproj" en el nodo 2 (Build destinos).
     1>ClCompile:
         C:\Program Files (x86)\Microsoft Visual Studio 11.0\VC\bin\CL.exe /c /IC:\dev\opengl\freeglut\include /I"C:\dev\opengl\glew-1.7.0\include" /ZI /nologo /W3 /WX- /Od /Oy- /D WIN32 /D _DEBUG /D _CONSOLE /D _UNICODE /D UNICODE /Gm /EHsc /RTC1 /MDd /GS /fp:precise /Zc:wchar_t /Zc:forScope /Fo"Debug\\" /Fd"Debug\vc110.pdb" /Gd /TP /analyze- /errorReport:prompt main.cpp
         main.cpp
     1>c:\dev\plantillaopengl01\plantillaopengl01\main.cpp(80): warning C4244: 'argumento' : conversión de 'double' a 'GLfloat'; posible pérdida de datos
     1>c:\dev\plantillaopengl01\plantillaopengl01\main.cpp(87): warning C4305: 'argumento' : truncamiento de 'double' a 'GLfloat'
     1>c:\dev\plantillaopengl01\plantillaopengl01\main.cpp(87): warning C4244: 'argumento' : conversión de 'int' a 'GLfloat'; posible pérdida de datos
     1>c:\dev\plantillaopengl01\plantillaopengl01\main.cpp(88): warning C4305: 'argumento' : truncamiento de 'double' a 'GLfloat'
     1>c:\dev\plantillaopengl01\plantillaopengl01\main.cpp(88): warning C4244: 'argumento' : conversión de 'int' a 'GLfloat'; posible pérdida de datos
     1>c:\dev\plantillaopengl01\plantillaopengl01\main.cpp(90): warning C4244: 'argumento' : conversión de 'int' a 'GLfloat'; posible pérdida de datos
     1>c:\dev\plantillaopengl01\plantillaopengl01\main.cpp(90): warning C4305: 'argumento' : truncamiento de 'double' a 'GLfloat'
     1>c:\dev\plantillaopengl01\plantillaopengl01\main.cpp(91): warning C4244: 'argumento' : conversión de 'int' a 'GLfloat'; posible pérdida de datos
     1>c:\dev\plantillaopengl01\plantillaopengl01\main.cpp(91): warning C4305: 'argumento' : truncamiento de 'double' a 'GLfloat'
     1>c:\dev\plantillaopengl01\plantillaopengl01\main.cpp(93): warning C4305: 'argumento' : truncamiento de 'double' a 'GLfloat'
     1>c:\dev\plantillaopengl01\plantillaopengl01\main.cpp(93): warning C4244: 'argumento' : conversión de 'int' a 'GLfloat'; posible pérdida de datos
     1>c:\dev\plantillaopengl01\plantillaopengl01\main.cpp(94): warning C4305: 'argumento' : truncamiento de 'double' a 'GLfloat'
     1>c:\dev\plantillaopengl01\plantillaopengl01\main.cpp(94): warning C4244: 'argumento' : conversión de 'int' a 'GLfloat'; posible pérdida de datos
     1>c:\dev\plantillaopengl01\plantillaopengl01\main.cpp(96): warning C4244: 'argumento' : conversión de 'int' a 'GLfloat'; posible pérdida de datos
     1>c:\dev\plantillaopengl01\plantillaopengl01\main.cpp(96): warning C4305: 'argumento' : truncamiento de 'double' a 'GLfloat'
     1>c:\dev\plantillaopengl01\plantillaopengl01\main.cpp(97): warning C4244: 'argumento' : conversión de 'int' a 'GLfloat'; posible pérdida de datos
     1>c:\dev\plantillaopengl01\plantillaopengl01\main.cpp(97): warning C4305: 'argumento' : truncamiento de 'double' a 'GLfloat'
     1>c:\dev\plantillaopengl01\plantillaopengl01\main.cpp(177): warning C4244: 'argumento' : conversión de 'double' a 'GLfloat'; posible pérdida de datos
     1>c:\dev\plantillaopengl01\plantillaopengl01\main.cpp(178): warning C4244: 'argumento' : conversión de 'double' a 'GLfloat'; posible pérdida de datos
     1>c:\dev\plantillaopengl01\plantillaopengl01\main.cpp(179): warning C4244: 'argumento' : conversión de 'double' a 'GLfloat'; posible pérdida de datos
     1>c:\dev\plantillaopengl01\plantillaopengl01\main.cpp(180): warning C4244: 'argumento' : conversión de 'double' a 'GLfloat'; posible pérdida de datos
     1>c:\dev\plantillaopengl01\plantillaopengl01\main.cpp(181): warning C4244: 'argumento' : conversión de 'double' a 'GLfloat'; posible pérdida de datos
     1>c:\dev\plantillaopengl01\plantillaopengl01\main.cpp(182): warning C4244: 'argumento' : conversión de 'double' a 'GLfloat'; posible pérdida de datos
     1>c:\dev\plantillaopengl01\plantillaopengl01\main.cpp(183): warning C4244: 'argumento' : conversión de 'double' a 'GLfloat'; posible pérdida de datos
     1>c:\dev\plantillaopengl01\plantillaopengl01\main.cpp(195): warning C4244: 'argumento' : conversión de 'double' a 'GLfloat'; posible pérdida de datos
     1>c:\dev\plantillaopengl01\plantillaopengl01\main.cpp(196): warning C4244: 'argumento' : conversión de 'double' a 'GLfloat'; posible pérdida de datos
     1>c:\dev\plantillaopengl01\plantillaopengl01\main.cpp(197): warning C4244: 'argumento' : conversión de 'double' a 'GLfloat'; posible pérdida de datos
     1>c:\dev\plantillaopengl01\plantillaopengl01\main.cpp(198): warning C4244: 'argumento' : conversión de 'double' a 'GLfloat'; posible pérdida de datos
     1>c:\dev\plantillaopengl01\plantillaopengl01\main.cpp(212): warning C4244: '=' : conversión de 'int' a 'float'; posible pérdida de datos
     1>c:\dev\plantillaopengl01\plantillaopengl01\main.cpp(213): warning C4244: '=' : conversión de 'int' a 'float'; posible pérdida de datos
     1>c:\dev\plantillaopengl01\plantillaopengl01\main.cpp(218): warning C4244: '+=' : conversión de 'double' a 'int'; posible pérdida de datos
     1>c:\dev\plantillaopengl01\plantillaopengl01\main.cpp(249): warning C4305: 'argumento' : truncamiento de 'double' a 'GLfloat'
     1>c:\dev\plantillaopengl01\plantillaopengl01\main.cpp(254): warning C4305: 'argumento' : truncamiento de 'double' a 'GLfloat'
     1>c:\dev\plantillaopengl01\plantillaopengl01\main.cpp(255): warning C4305: 'argumento' : truncamiento de 'double' a 'GLfloat'
     1>c:\dev\plantillaopengl01\plantillaopengl01\main.cpp(256): warning C4305: 'argumento' : truncamiento de 'double' a 'GLfloat'
     1>c:\dev\plantillaopengl01\plantillaopengl01\main.cpp(257): warning C4305: 'argumento' : truncamiento de 'double' a 'GLfloat'
     1>c:\dev\plantillaopengl01\plantillaopengl01\main.cpp(259): warning C4305: '+=' : truncamiento de 'double' a 'float'
     1>c:\dev\plantillaopengl01\plantillaopengl01\main.cpp(263): warning C4305: 'argumento' : truncamiento de 'double' a 'GLfloat'
     1>c:\dev\plantillaopengl01\plantillaopengl01\main.cpp(264): warning C4305: 'argumento' : truncamiento de 'double' a 'GLfloat'
     1>c:\dev\plantillaopengl01\plantillaopengl01\main.cpp(265): warning C4305: 'argumento' : truncamiento de 'double' a 'GLfloat'
     1>c:\dev\plantillaopengl01\plantillaopengl01\main.cpp(266): warning C4305: 'argumento' : truncamiento de 'double' a 'GLfloat'
     1>c:\dev\plantillaopengl01\plantillaopengl01\main.cpp(278): warning C4305: 'argumento' : truncamiento de 'double' a 'GLfloat'
     1>c:\dev\plantillaopengl01\plantillaopengl01\main.cpp(282): warning C4305: '+=' : truncamiento de 'double' a 'float'
     1>c:\dev\plantillaopengl01\plantillaopengl01\main.cpp(292): warning C4244: '=' : conversión de 'double' a 'GLfloat'; posible pérdida de datos
     1>c:\dev\plantillaopengl01\plantillaopengl01\main.cpp(296): warning C4244: '=' : conversión de 'double' a 'GLfloat'; posible pérdida de datos
     1>c:\dev\plantillaopengl01\plantillaopengl01\main.cpp(301): warning C4244: '=' : conversión de 'double' a 'GLfloat'; posible pérdida de datos
     1>c:\dev\plantillaopengl01\plantillaopengl01\main.cpp(304): warning C4244: '=' : conversión de 'double' a 'GLfloat'; posible pérdida de datos
     1>c:\dev\plantillaopengl01\plantillaopengl01\main.cpp(305): warning C4244: '=' : conversión de 'double' a 'GLfloat'; posible pérdida de datos
     1>c:\dev\plantillaopengl01\plantillaopengl01\main.cpp(345): warning C4244: '=' : conversión de 'double' a 'GLfloat'; posible pérdida de datos
     1>c:\dev\plantillaopengl01\plantillaopengl01\main.cpp(346): warning C4244: '=' : conversión de 'double' a 'GLfloat'; posible pérdida de datos
     1>c:\dev\plantillaopengl01\plantillaopengl01\main.cpp(391): warning C4244: '=' : conversión de 'double' a 'float'; posible pérdida de datos
     1>c:\dev\plantillaopengl01\plantillaopengl01\main.cpp(392): warning C4244: '=' : conversión de 'double' a 'float'; posible pérdida de datos
     1>c:\dev\plantillaopengl01\plantillaopengl01\main.cpp(404): warning C4244: 'argumento' : conversión de 'double' a 'GLfloat'; posible pérdida de datos
     1>c:\dev\plantillaopengl01\plantillaopengl01\main.cpp(407): warning C4244: '=' : conversión de 'double' a 'float'; posible pérdida de datos
     1>c:\dev\plantillaopengl01\plantillaopengl01\main.cpp(408): warning C4244: '=' : conversión de 'double' a 'float'; posible pérdida de datos
     1>c:\dev\plantillaopengl01\plantillaopengl01\main.cpp(424): warning C4244: 'argumento' : conversión de 'double' a 'GLfloat'; posible pérdida de datos
     1>c:\dev\plantillaopengl01\plantillaopengl01\main.cpp(425): warning C4244: 'argumento' : conversión de 'double' a 'GLfloat'; posible pérdida de datos
     1>c:\dev\plantillaopengl01\plantillaopengl01\main.cpp(426): warning C4244: 'argumento' : conversión de 'double' a 'GLfloat'; posible pérdida de datos
     1>c:\dev\plantillaopengl01\plantillaopengl01\main.cpp(433): warning C4305: 'argumento' : truncamiento de 'double' a 'GLfloat'
     1>c:\dev\plantillaopengl01\plantillaopengl01\main.cpp(436): warning C4244: 'argumento' : conversión de 'double' a 'GLfloat'; posible pérdida de datos
     1>c:\dev\plantillaopengl01\plantillaopengl01\main.cpp(437): warning C4244: 'argumento' : conversión de 'double' a 'GLfloat'; posible pérdida de datos
     1>c:\dev\plantillaopengl01\plantillaopengl01\main.cpp(438): warning C4244: 'argumento' : conversión de 'double' a 'GLfloat'; posible pérdida de datos
     1>c:\dev\plantillaopengl01\plantillaopengl01\main.cpp(439): warning C4244: 'argumento' : conversión de 'double' a 'GLfloat'; posible pérdida de datos
     1>c:\dev\plantillaopengl01\plantillaopengl01\main.cpp(440): warning C4244: 'argumento' : conversión de 'double' a 'GLfloat'; posible pérdida de datos
     1>c:\dev\plantillaopengl01\plantillaopengl01\main.cpp(443): warning C4244: 'argumento' : conversión de 'double' a 'GLfloat'; posible pérdida de datos
     1>c:\dev\plantillaopengl01\plantillaopengl01\main.cpp(444): warning C4244: 'argumento' : conversión de 'double' a 'GLfloat'; posible pérdida de datos
     1>c:\dev\plantillaopengl01\plantillaopengl01\main.cpp(445): warning C4244: 'argumento' : conversión de 'double' a 'GLfloat'; posible pérdida de datos
     1>c:\dev\plantillaopengl01\plantillaopengl01\main.cpp(446): warning C4244: 'argumento' : conversión de 'double' a 'GLfloat'; posible pérdida de datos
     1>c:\dev\plantillaopengl01\plantillaopengl01\main.cpp(447): warning C4244: 'argumento' : conversión de 'double' a 'GLfloat'; posible pérdida de datos
     1>c:\dev\plantillaopengl01\plantillaopengl01\main.cpp(448): warning C4244: 'argumento' : conversión de 'double' a 'GLfloat'; posible pérdida de datos
     1>c:\dev\plantillaopengl01\plantillaopengl01\main.cpp(459): warning C4244: '=' : conversión de 'double' a 'float'; posible pérdida de datos
     1>c:\dev\plantillaopengl01\plantillaopengl01\main.cpp(474): warning C4244: '=' : conversión de 'double' a 'float'; posible pérdida de datos
     1>c:\dev\plantillaopengl01\plantillaopengl01\main.cpp(490): warning C4244: '=' : conversión de 'double' a 'GLfloat'; posible pérdida de datos
     1>c:\dev\plantillaopengl01\plantillaopengl01\main.cpp(491): warning C4244: '=' : conversión de 'double' a 'GLfloat'; posible pérdida de datos
     1>c:\dev\plantillaopengl01\plantillaopengl01\main.cpp(503): warning C4305: 'argumento' : truncamiento de 'double' a 'GLfloat'
     1>c:\dev\plantillaopengl01\plantillaopengl01\main.cpp(505): warning C4305: 'inicializando' : truncamiento de 'double' a 'float'
     1>c:\dev\plantillaopengl01\plantillaopengl01\main.cpp(556): warning C4305: '=' : truncamiento de 'double' a 'float'
     1>c:\dev\plantillaopengl01\plantillaopengl01\main.cpp(572): warning C4305: '=' : truncamiento de 'double' a 'float'
     1>c:\dev\plantillaopengl01\plantillaopengl01\main.cpp(573): warning C4244: '=' : conversión de 'double' a 'GLfloat'; posible pérdida de datos
     1>c:\dev\plantillaopengl01\plantillaopengl01\main.cpp(574): warning C4244: '=' : conversión de 'double' a 'GLfloat'; posible pérdida de datos
     1>c:\dev\plantillaopengl01\plantillaopengl01\main.cpp(576): warning C4244: '=' : conversión de 'double' a 'GLfloat'; posible pérdida de datos
     1>c:\dev\plantillaopengl01\plantillaopengl01\main.cpp(577): warning C4244: '=' : conversión de 'double' a 'GLfloat'; posible pérdida de datos
     1>c:\dev\plantillaopengl01\plantillaopengl01\main.cpp(594): warning C4305: 'argumento' : truncamiento de 'double' a 'GLfloat'
     1>c:\dev\plantillaopengl01\plantillaopengl01\main.cpp(595): warning C4305: 'argumento' : truncamiento de 'double' a 'GLfloat'
     1>c:\dev\plantillaopengl01\plantillaopengl01\main.cpp(601): warning C4305: 'argumento' : truncamiento de 'double' a 'GLfloat'
     1>c:\dev\plantillaopengl01\plantillaopengl01\main.cpp(604): warning C4305: 'argumento' : truncamiento de 'double' a 'GLfloat'
     1>c:\dev\plantillaopengl01\plantillaopengl01\main.cpp(607): warning C4244: '=' : conversión de 'double' a 'float'; posible pérdida de datos
     1>c:\dev\plantillaopengl01\plantillaopengl01\main.cpp(608): warning C4244: '=' : conversión de 'double' a 'float'; posible pérdida de datos
     1>c:\dev\plantillaopengl01\plantillaopengl01\main.cpp(618): warning C4244: '=' : conversión de 'double' a 'float'; posible pérdida de datos
     1>c:\dev\plantillaopengl01\plantillaopengl01\main.cpp(619): warning C4244: '=' : conversión de 'double' a 'float'; posible pérdida de datos
     1>c:\dev\plantillaopengl01\plantillaopengl01\main.cpp(633): warning C4305: '-=' : truncamiento de 'double' a 'float'
     1>c:\dev\plantillaopengl01\plantillaopengl01\main.cpp(634): warning C4305: '-=' : truncamiento de 'double' a 'float'
     1>c:\dev\plantillaopengl01\plantillaopengl01\main.cpp(635): warning C4305: '-=' : truncamiento de 'double' a 'float'
     1>c:\dev\plantillaopengl01\plantillaopengl01\main.cpp(637): warning C4244: '=' : conversión de 'int' a 'float'; posible pérdida de datos
     1>c:\dev\plantillaopengl01\plantillaopengl01\main.cpp(646): warning C4305: '+=' : truncamiento de 'double' a 'float'
     1>c:\dev\plantillaopengl01\plantillaopengl01\main.cpp(647): warning C4305: '+=' : truncamiento de 'double' a 'float'
     1>c:\dev\plantillaopengl01\plantillaopengl01\main.cpp(648): warning C4305: '+=' : truncamiento de 'double' a 'float'
     1>c:\dev\plantillaopengl01\plantillaopengl01\main.cpp(650): warning C4244: '=' : conversión de 'int' a 'float'; posible pérdida de datos
     1>c:\dev\plantillaopengl01\plantillaopengl01\main.cpp(689): warning C4244: 'argumento' : conversión de 'time_t' a 'unsigned int'; posible pérdida de datos
     1>c:\dev\plantillaopengl01\plantillaopengl01\main.cpp(699): warning C4305: 'argumento' : truncamiento de 'double' a 'float'
     1>c:\dev\plantillaopengl01\plantillaopengl01\main.cpp(675): warning C4101: 'aspectradio' : variable local sin referencia
       Link:
         C:\Program Files (x86)\Microsoft Visual Studio 11.0\VC\bin\link.exe /ERRORREPORT:PROMPT /OUT:"C:\dev\PlantillaOpenGL01\Debug\PlantillaOpenGL01.exe" /INCREMENTAL /NOLOGO /LIBPATH:"C:\Program Files (x86)\Windows Kits\8.1\Lib\winv6.3\um\x86" /LIBPATH:C:\dev\opengl\freeglut\lib /LIBPATH:"C:\dev\opengl\glew-1.7.0\lib" glew32.lib freeglut.lib kernel32.lib user32.lib gdi32.lib winspool.lib comdlg32.lib advapi32.lib shell32.lib ole32.lib oleaut32.lib uuid.lib odbc32.lib odbccp32.lib /MANIFEST /MANIFESTUAC:"level='asInvoker' uiAccess='false'" /manifest:embed /DEBUG /PDB:"C:\dev\PlantillaOpenGL01\Debug\PlantillaOpenGL01.pdb" /SUBSYSTEM:CONSOLE /TLBID:1 /DYNAMICBASE /NXCOMPAT /IMPLIB:"C:\dev\PlantillaOpenGL01\Debug\PlantillaOpenGL01.lib" /MACHINE:X86 Debug\main.obj
         PlantillaOpenGL01.vcxproj -> C:\dev\PlantillaOpenGL01\Debug\PlantillaOpenGL01.exe
     1>Compilación del proyecto terminada "C:\dev\PlantillaOpenGL01\PlantillaOpenGL01\PlantillaOpenGL01.vcxproj" (Build destinos).

Compilación correcta.

Tiempo transcurrido 00:00:02.06
