C:\DEV\PLANTILLAOPENGL01\PLANTILLAOPENGL01\DEBUG\MAIN.OBJ
C:\DEV\PLANTILLAOPENGL01\PLANTILLAOPENGL01\DEBUG\VC110.PDB
C:\DEV\PLANTILLAOPENGL01B\PLANTILLAOPENGL01\DEBUG\MAIN.OBJ
C:\DEV\PLANTILLAOPENGL01B\PLANTILLAOPENGL01\DEBUG\VC110.PDB
C:\DEV\PLANTILLAOPENGL01\DEBUG\PLANTILLAOPENGL01.ILK
C:\DEV\PLANTILLAOPENGL01\DEBUG\PLANTILLAOPENGL01.EXE
C:\DEV\PLANTILLAOPENGL01\DEBUG\PLANTILLAOPENGL01.PDB
C:\DEV\PLANTILLAOPENGL01B\DEBUG\PLANTILLAOPENGL01.ILK
C:\DEV\PLANTILLAOPENGL01B\DEBUG\PLANTILLAOPENGL01.EXE
C:\DEV\PLANTILLAOPENGL01B\DEBUG\PLANTILLAOPENGL01.PDB
C:\dev\PlantillaOpenGL01B\PlantillaOpenGL01\Debug\main.obj
C:\dev\PlantillaOpenGL01B\PlantillaOpenGL01\Debug\cl.command.1.tlog
C:\dev\PlantillaOpenGL01B\PlantillaOpenGL01\Debug\CL.read.1.tlog
C:\dev\PlantillaOpenGL01B\PlantillaOpenGL01\Debug\CL.write.1.tlog
C:\dev\PlantillaOpenGL01B\PlantillaOpenGL01\Debug\link-cvtres.read.1.tlog
C:\dev\PlantillaOpenGL01B\PlantillaOpenGL01\Debug\link-cvtres.write.1.tlog
C:\dev\PlantillaOpenGL01B\PlantillaOpenGL01\Debug\link-rc.read.1.tlog
C:\dev\PlantillaOpenGL01B\PlantillaOpenGL01\Debug\link-rc.write.1.tlog
C:\dev\PlantillaOpenGL01B\PlantillaOpenGL01\Debug\link.127400-cvtres.read.1.tlog
C:\dev\PlantillaOpenGL01B\PlantillaOpenGL01\Debug\link.127400-cvtres.write.1.tlog
C:\dev\PlantillaOpenGL01B\PlantillaOpenGL01\Debug\link.127400-rc.read.1.tlog
C:\dev\PlantillaOpenGL01B\PlantillaOpenGL01\Debug\link.127400-rc.write.1.tlog
C:\dev\PlantillaOpenGL01B\PlantillaOpenGL01\Debug\link.127400.read.1.tlog
C:\dev\PlantillaOpenGL01B\PlantillaOpenGL01\Debug\link.127400.write.1.tlog
C:\dev\PlantillaOpenGL01B\PlantillaOpenGL01\Debug\link.146588-cvtres.read.1.tlog
C:\dev\PlantillaOpenGL01B\PlantillaOpenGL01\Debug\link.146588-cvtres.write.1.tlog
C:\dev\PlantillaOpenGL01B\PlantillaOpenGL01\Debug\link.146588-rc.read.1.tlog
C:\dev\PlantillaOpenGL01B\PlantillaOpenGL01\Debug\link.146588-rc.write.1.tlog
C:\dev\PlantillaOpenGL01B\PlantillaOpenGL01\Debug\link.146588.read.1.tlog
C:\dev\PlantillaOpenGL01B\PlantillaOpenGL01\Debug\link.146588.write.1.tlog
C:\dev\PlantillaOpenGL01B\PlantillaOpenGL01\Debug\link.9244-cvtres.read.1.tlog
C:\dev\PlantillaOpenGL01B\PlantillaOpenGL01\Debug\link.9244-cvtres.write.1.tlog
C:\dev\PlantillaOpenGL01B\PlantillaOpenGL01\Debug\link.9244-rc.read.1.tlog
C:\dev\PlantillaOpenGL01B\PlantillaOpenGL01\Debug\link.9244-rc.write.1.tlog
C:\dev\PlantillaOpenGL01B\PlantillaOpenGL01\Debug\link.9244.read.1.tlog
C:\dev\PlantillaOpenGL01B\PlantillaOpenGL01\Debug\link.9244.write.1.tlog
C:\dev\PlantillaOpenGL01B\PlantillaOpenGL01\Debug\link.command.1.tlog
C:\dev\PlantillaOpenGL01B\PlantillaOpenGL01\Debug\link.read.1.tlog
C:\dev\PlantillaOpenGL01B\PlantillaOpenGL01\Debug\link.write.1.tlog
C:\dev\PlantillaOpenGL01B\PlantillaOpenGL01\Debug\vc110.idb
C:\dev\PlantillaOpenGL01B\PlantillaOpenGL01\Debug\vc110.pdb
C:\dev\PlantillaOpenGL01B\Debug\PlantillaOpenGL01.pdb
C:\dev\PlantillaOpenGL01B\Debug\PlantillaOpenGL01.exe
C:\dev\PlantillaOpenGL01B\Debug\PlantillaOpenGL01.ilk
